<?xml version="1.0" encoding="UTF-8"?>
<!-- Generated by org.testng.reporters.JUnitReportReporter -->
<testsuite hostname="DESKTOP-I8PT0F4" failures="0" tests="4" name="com.qa.tests.YourInformationPagetest" time="2.489" errors="0" timestamp="2023-06-28T19:43:56 IST" skipped="0">
  <testcase classname="com.qa.tests.YourInformationPagetest" name="validateFirstname" time="0.127"/>
  <system-out/>
  <testcase classname="com.qa.tests.YourInformationPagetest" name="validateLastName" time="0.131"/>
  <system-out/>
  <testcase classname="com.qa.tests.YourInformationPagetest" name="validatePostalCode" time="0.117"/>
  <system-out/>
  <testcase classname="com.qa.tests.YourInformationPagetest" name="validateContinueButton" time="2.114"/>
  <system-out/>
</testsuite> <!-- com.qa.tests.YourInformationPagetest -->
