<?xml version="1.0" encoding="UTF-8"?>
<!-- Generated by org.testng.reporters.JUnitReportReporter -->
<testsuite hostname="DESKTOP-I8PT0F4" failures="0" tests="4" name="com.qa.tests.LoginPageTest" time="0.457" errors="0" timestamp="2023-06-28T19:43:56 IST" skipped="0">
  <testcase classname="com.qa.tests.LoginPageTest" name="validateTitle" time="0.027"/>
  <system-out/>
  <testcase classname="com.qa.tests.LoginPageTest" name="validateUsername" time="0.166"/>
  <system-out/>
  <testcase classname="com.qa.tests.LoginPageTest" name="validatePassword" time="0.127"/>
  <system-out/>
  <testcase classname="com.qa.tests.LoginPageTest" name="validateLoginButton" time="0.137"/>
  <system-out/>
</testsuite> <!-- com.qa.tests.LoginPageTest -->
