<?xml version="1.0" encoding="UTF-8"?>
<!-- Generated by org.testng.reporters.JUnitReportReporter -->
<testsuite hostname="DESKTOP-I8PT0F4" failures="0" tests="2" name="com.qa.tests.OverViewPageText" time="0.245" errors="0" timestamp="2023-06-28T19:43:56 IST" skipped="0">
  <testcase classname="com.qa.tests.OverViewPageText" name="validateTotalPrice" time="0.141"/>
  <system-out/>
  <testcase classname="com.qa.tests.OverViewPageText" name="validateFinishButton" time="0.104"/>
  <system-out/>
</testsuite> <!-- com.qa.tests.OverViewPageText -->
