<?xml version="1.0" encoding="UTF-8"?>
<!-- Generated by org.testng.reporters.JUnitReportReporter -->
<testsuite hostname="DESKTOP-I8PT0F4" failures="0" tests="4" name="com.qa.tests.LoginPageTest" time="0.319" errors="0" timestamp="2023-06-28T15:48:32 IST" skipped="0">
  <testcase classname="com.qa.tests.LoginPageTest" name="validateTitle" time="0.018"/>
  <system-out/>
  <testcase classname="com.qa.tests.LoginPageTest" name="validateUsername" time="0.131"/>
  <system-out/>
  <testcase classname="com.qa.tests.LoginPageTest" name="validatePassword" time="0.082"/>
  <system-out/>
  <testcase classname="com.qa.tests.LoginPageTest" name="validateLoginButton" time="0.088"/>
  <system-out/>
</testsuite> <!-- com.qa.tests.LoginPageTest -->
