<?xml version="1.0" encoding="UTF-8"?>
<!-- Generated by org.testng.reporters.JUnitReportReporter -->
<testsuite hostname="DESKTOP-I8PT0F4" failures="0" tests="5" name="com.qa.tests.ProductPageTest" time="0.282" errors="0" timestamp="2023-06-28T19:43:56 IST" skipped="0">
  <testcase classname="com.qa.tests.ProductPageTest" name="validateTshirt" time="0.043"/>
  <system-out/>
  <testcase classname="com.qa.tests.ProductPageTest" name="validateAddToCartTShirt" time="0.070"/>
  <system-out/>
  <testcase classname="com.qa.tests.ProductPageTest" name="validatefleeceJacket" time="0.039"/>
  <system-out/>
  <testcase classname="com.qa.tests.ProductPageTest" name="validateAddToCartfleeceJacket" time="0.065"/>
  <system-out/>
  <testcase classname="com.qa.tests.ProductPageTest" name="validatShoppingCartFunctionality" time="0.065"/>
  <system-out/>
</testsuite> <!-- com.qa.tests.ProductPageTest -->
